<?xml version="1.0" encoding="UTF-8"?>
<!-- Generated by org.testng.reporters.JUnitReportReporter -->
<testsuite hostname="chauthai" failures="0" tests="1" name="pamgiamHomePage.PangiamHomePageTest" time="9.337" errors="0" timestamp="2023-01-05T19:28:44 EST" skipped="0">
  <testcase classname="pamgiamHomePage.PangiamHomePageTest" name="pangiamFunction" time="9.337"/>
  <system-out/>
</testsuite> <!-- pamgiamHomePage.PangiamHomePageTest -->
